{
  "RSpec": {
    "coverage": {
      "/Users/earltstephens/turing/1901_2module/projects/laugh_tracks/config/environment.rb": [
        null,
        1,
        null,
        null,
        1
      ],
      "/Users/earltstephens/turing/1901_2module/projects/laugh_tracks/config/application.rb": [
        1,
        null,
        1,
        null,
        1,
        1,
        1,
        1,
        1,
        1,
        1,
        1,
        null,
        null,
        null,
        null,
        1,
        null,
        1,
        1,
        null,
        1,
        null,
        null,
        null,
        null,
        null,
        null,
        1,
        null,
        null
      ],
      "/Users/earltstephens/turing/1901_2module/projects/laugh_tracks/config/boot.rb": [
        1,
        null,
        1
      ],
      "/Users/earltstephens/turing/1901_2module/projects/laugh_tracks/config/environments/test.rb": [
        1,
        null,
        null,
        null,
        null,
        null,
        null,
        1,
        null,
        null,
        null,
        null,
        1,
        null,
        null,
        1,
        1,
        null,
        null,
        null,
        null,
        1,
        1,
        null,
        null,
        1,
        null,
        null,
        1,
        1,
        null,
        null,
        null,
        null,
        1,
        null,
        null,
        1,
        null,
        null,
        null,
        null
      ],
      "/Users/earltstephens/turing/1901_2module/projects/laugh_tracks/config/initializers/application_controller_renderer.rb": [
        null,
        null,
        null,
        null,
        null,
        null,
        null,
        null
      ],
      "/Users/earltstephens/turing/1901_2module/projects/laugh_tracks/config/initializers/assets.rb": [
        null,
        null,
        null,
        1,
        null,
        null,
        null,
        null,
        1,
        null,
        null,
        null,
        null,
        null
      ],
      "/Users/earltstephens/turing/1901_2module/projects/laugh_tracks/config/initializers/backtrace_silencers.rb": [
        null,
        null,
        null,
        null,
        null,
        null,
        null
      ],
      "/Users/earltstephens/turing/1901_2module/projects/laugh_tracks/config/initializers/cookies_serializer.rb": [
        null,
        null,
        null,
        null,
        1
      ],
      "/Users/earltstephens/turing/1901_2module/projects/laugh_tracks/config/initializers/filter_parameter_logging.rb": [
        null,
        null,
        null,
        1
      ],
      "/Users/earltstephens/turing/1901_2module/projects/laugh_tracks/config/initializers/inflections.rb": [
        null,
        null,
        null,
        null,
        null,
        null,
        null,
        null,
        null,
        null,
        null,
        null,
        null,
        null,
        null,
        null
      ],
      "/Users/earltstephens/turing/1901_2module/projects/laugh_tracks/config/initializers/mime_types.rb": [
        null,
        null,
        null,
        null
      ],
      "/Users/earltstephens/turing/1901_2module/projects/laugh_tracks/config/initializers/wrap_parameters.rb": [
        null,
        null,
        null,
        null,
        null,
        null,
        1,
        2,
        null,
        null,
        null,
        null,
        null,
        null
      ],
      "/Users/earltstephens/turing/1901_2module/projects/laugh_tracks/spec/factories/comedians.rb": [
        1,
        1,
        46,
        16,
        16,
        null,
        null
      ],
      "/Users/earltstephens/turing/1901_2module/projects/laugh_tracks/spec/factories/specials.rb": [
        1,
        1,
        1,
        76,
        16,
        76,
        null,
        null
      ],
      "/Users/earltstephens/turing/1901_2module/projects/laugh_tracks/config/routes.rb": [
        1,
        null,
        1,
        null,
        1,
        null
      ],
      "/Users/earltstephens/turing/1901_2module/projects/laugh_tracks/app/helpers/application_helper.rb": [
        1,
        null
      ],
      "/Users/earltstephens/turing/1901_2module/projects/laugh_tracks/spec/support/factory_bot.rb": [
        1,
        1,
        null
      ],
      "/Users/earltstephens/turing/1901_2module/projects/laugh_tracks/spec/features/comedians/new_spec.rb": [
        1,
        null,
        1,
        1,
        2,
        2,
        2,
        2,
        2,
        2,
        2,
        2,
        null,
        null,
        1,
        1,
        1,
        null,
        1,
        null,
        1,
        null,
        null,
        1,
        1,
        null,
        1,
        1,
        1,
        1,
        null,
        null,
        1,
        null,
        1,
        null,
        null,
        null,
        null,
        null
      ],
      "/Users/earltstephens/turing/1901_2module/projects/laugh_tracks/spec/features/comedians/welcome_spec.rb": [
        1,
        null,
        1,
        1,
        1,
        null,
        1,
        1,
        null,
        null
      ],
      "/Users/earltstephens/turing/1901_2module/projects/laugh_tracks/spec/models/comedian_spec.rb": [
        1,
        null,
        1,
        null,
        1,
        2,
        null,
        null,
        1,
        2,
        2,
        2,
        null,
        null,
        1,
        1,
        3,
        3,
        3,
        3,
        3,
        3,
        3,
        3,
        null,
        null,
        1,
        1,
        null,
        null,
        1,
        1,
        null,
        null,
        1,
        1,
        1,
        null,
        null,
        null,
        1,
        null,
        null,
        null,
        null
      ],
      "/Users/earltstephens/turing/1901_2module/projects/laugh_tracks/app/models/comedian.rb": [
        1,
        null,
        1,
        1,
        null,
        1,
        8,
        null,
        null,
        1,
        8,
        null,
        null,
        1,
        3,
        null,
        null,
        null
      ],
      "/Users/earltstephens/turing/1901_2module/projects/laugh_tracks/app/models/application_record.rb": [
        1,
        1,
        null
      ],
      "/Users/earltstephens/turing/1901_2module/projects/laugh_tracks/spec/models/special_spec.rb": [
        1,
        null,
        1,
        null,
        1,
        2,
        null,
        null,
        1,
        2,
        2,
        null,
        null,
        1,
        1,
        4,
        4,
        4,
        4,
        4,
        4,
        4,
        4,
        null,
        null,
        1,
        1,
        null,
        null,
        1,
        1,
        null,
        null,
        1,
        1,
        1,
        null,
        null,
        1,
        1,
        1,
        null,
        null,
        null,
        null,
        null,
        null,
        null,
        null,
        null,
        null,
        null,
        null,
        null,
        null,
        null,
        null,
        null,
        null,
        null,
        null,
        null
      ],
      "/Users/earltstephens/turing/1901_2module/projects/laugh_tracks/app/models/special.rb": [
        1,
        null,
        1,
        1,
        null,
        1,
        8,
        null,
        null,
        null,
        1,
        2,
        null,
        2,
        null,
        null,
        1,
        2,
        null,
        null,
        null,
        null,
        null,
        null,
        null,
        1,
        null,
        10,
        8,
        null,
        2,
        2,
        null,
        null,
        null,
        null,
        null,
        null
      ],
      "/Users/earltstephens/turing/1901_2module/projects/laugh_tracks/app/controllers/comedians_controller.rb": [
        1,
        null,
        1,
        null,
        null,
        1,
        null,
        8,
        null,
        1,
        null,
        1,
        1,
        1,
        null,
        null,
        1,
        null,
        7,
        null,
        7,
        7,
        7,
        7,
        null,
        null,
        null,
        1,
        2,
        null,
        null,
        1,
        null,
        1,
        1,
        1,
        null,
        0,
        null,
        null,
        null,
        1,
        null,
        1,
        1,
        null,
        null,
        null
      ],
      "/Users/earltstephens/turing/1901_2module/projects/laugh_tracks/app/controllers/application_controller.rb": [
        1,
        1,
        null
      ]
    },
    "timestamp": 1552857968
  }
}
